<?xml version="1.0" encoding="UTF-8"?>
<!-- Generated by org.testng.reporters.JUnitReportReporter -->
<testsuite skipped="0" hostname="DESKTOP-VA3KVAG" name="Home.StuckOpportuinitiesTestTC18" tests="1" failures="0" timestamp="2021-10-07T09:39:56 CDT" time="24.630" errors="0">
  <testcase name="validateOpportuinitiesTC17" time="24.630" classname="Home.StuckOpportuinitiesTestTC18"/>
  <system-out/>
</testsuite> <!-- Home.StuckOpportuinitiesTestTC18 -->
