<?xml version="1.0" encoding="UTF-8"?>
<!-- Generated by org.testng.reporters.JUnitReportReporter -->
<testsuite skipped="0" hostname="DESKTOP-VA3KVAG" name="Home.OpportunitiesTestTC15" tests="1" failures="0" timestamp="2021-10-07T09:43:53 CDT" time="12.530" errors="0">
  <testcase name="validateAccounttabTC14" time="12.530" classname="Home.OpportunitiesTestTC15"/>
  <system-out/>
</testsuite> <!-- Home.OpportunitiesTestTC15 -->
