<?xml version="1.0" encoding="UTF-8"?>
<!-- Generated by org.testng.reporters.JUnitReportReporter -->
<testsuite skipped="0" hostname="DESKTOP-VA3KVAG" name="Home.ContactTestTC32" tests="1" failures="0" timestamp="2021-10-07T19:58:23 CDT" time="27.899" errors="0">
  <testcase name="validateContactTC32" time="27.899" classname="Home.ContactTestTC32"/>
  <system-out/>
</testsuite> <!-- Home.ContactTestTC32 -->
