<?xml version="1.0" encoding="UTF-8"?>
<!-- Generated by org.testng.reporters.JUnitReportReporter -->
<testsuite skipped="0" hostname="DESKTOP-VA3KVAG" name="Home.LogoutTest" tests="1" failures="0" timestamp="2021-10-05T10:15:43 CDT" time="22.319" errors="0">
  <testcase name="validateDeveloperConsole" time="22.319" classname="Home.LogoutTest"/>
  <system-out/>
</testsuite> <!-- Home.LogoutTest -->
