<?xml version="1.0" encoding="UTF-8"?>
<!-- Generated by org.testng.reporters.JUnitReportReporter -->
<testsuite skipped="0" hostname="DESKTOP-VA3KVAG" name="Test.ContactsTestTC25" tests="1" failures="0" timestamp="2021-10-08T22:28:30 CDT" time="49.193" errors="0">
  <testcase name="validateStuckoppTC18" time="49.193" classname="Test.ContactsTestTC25"/>
  <system-out/>
</testsuite> <!-- Test.ContactsTestTC25 -->
