<?xml version="1.0" encoding="UTF-8"?>
<!-- Generated by org.testng.reporters.JUnitReportReporter -->
<testsuite skipped="0" hostname="DESKTOP-VA3KVAG" name="Test.StuckOpportuinitiesTestTC18" tests="1" failures="0" timestamp="2021-10-08T21:25:13 CDT" time="37.267" errors="0">
  <testcase name="validateStuckoppTC18" time="37.267" classname="Test.StuckOpportuinitiesTestTC18"/>
  <system-out/>
</testsuite> <!-- Test.StuckOpportuinitiesTestTC18 -->
