<?xml version="1.0" encoding="UTF-8"?>
<!-- Generated by org.testng.reporters.JUnitReportReporter -->
<testsuite skipped="0" hostname="DESKTOP-VA3KVAG" name="Home.AllTabTestTC35" tests="2" failures="0" timestamp="2021-10-07T21:52:37 CDT" time="40.500" errors="0">
  <testcase name="AllTabTc35" time="28.397" classname="Home.AllTabTestTC35"/>
  <system-out/>
  <testcase name="secondAllTabTc35" time="12.103" classname="Home.AllTabTestTC35"/>
  <system-out/>
</testsuite> <!-- Home.AllTabTestTC35 -->
