<?xml version="1.0" encoding="UTF-8"?>
<!-- Generated by org.testng.reporters.JUnitReportReporter -->
<testsuite skipped="0" hostname="DESKTOP-VA3KVAG" name="Home.ContactTasteTC26" tests="1" failures="0" timestamp="2021-10-07T18:39:49 CDT" time="35.635" errors="0">
  <testcase name="validateStuckoppTC18" time="35.635" classname="Home.ContactTasteTC26"/>
  <system-out/>
</testsuite> <!-- Home.ContactTasteTC26 -->
