<?xml version="1.0" encoding="UTF-8"?>
<!-- Generated by org.testng.reporters.JUnitReportReporter -->
<testsuite skipped="0" hostname="DESKTOP-VA3KVAG" name="Home.ContactTestTC31" tests="1" failures="0" timestamp="2021-10-07T19:37:54 CDT" time="29.556" errors="0">
  <testcase name="validateContactTC31" time="29.556" classname="Home.ContactTestTC31"/>
  <system-out/>
</testsuite> <!-- Home.ContactTestTC31 -->
