<?xml version="1.0" encoding="UTF-8"?>
<!-- Generated by org.testng.reporters.JUnitReportReporter -->
<testsuite skipped="0" hostname="DESKTOP-VA3KVAG" name="Test.LogoutTest" tests="1" failures="0" timestamp="2021-10-09T16:28:32 CDT" time="29.200" errors="0">
  <testcase name="validateLogout" time="29.200" classname="Test.LogoutTest"/>
  <system-out/>
</testsuite> <!-- Test.LogoutTest -->
