<?xml version="1.0" encoding="UTF-8"?>
<!-- Generated by org.testng.reporters.JUnitReportReporter -->
<testsuite skipped="0" hostname="DESKTOP-VA3KVAG" name="Test.DeveloperConsoleTest" tests="1" failures="0" timestamp="2021-10-09T16:24:27 CDT" time="28.152" errors="0">
  <testcase name="validateDeveloperConsole" time="28.152" classname="Test.DeveloperConsoleTest"/>
  <system-out/>
</testsuite> <!-- Test.DeveloperConsoleTest -->
