<?xml version="1.0" encoding="UTF-8"?>
<!-- Generated by org.testng.reporters.JUnitReportReporter -->
<testsuite skipped="0" hostname="DESKTOP-VA3KVAG" name="Home.TodysleadTestTC23" tests="1" failures="0" timestamp="2021-10-07T16:38:07 CDT" time="31.492" errors="0">
  <testcase name="unreadleads" time="31.492" classname="Home.TodysleadTestTC23"/>
  <system-out/>
</testsuite> <!-- Home.TodysleadTestTC23 -->
