<?xml version="1.0" encoding="UTF-8"?>
<!-- Generated by org.testng.reporters.JUnitReportReporter -->
<testsuite skipped="0" hostname="DESKTOP-VA3KVAG" name="Login.LoginTest" tests="1" failures="0" timestamp="2021-10-05T12:01:25 CDT" time="28.615" errors="0">
  <testcase name="validateLogin" time="28.615" classname="Login.LoginTest"/>
  <system-out/>
</testsuite> <!-- Login.LoginTest -->
