<?xml version="1.0" encoding="UTF-8"?>
<!-- Generated by org.testng.reporters.JUnitReportReporter -->
<testsuite skipped="0" hostname="DESKTOP-VA3KVAG" name="Test.AccountTestTC12" tests="1" failures="0" timestamp="2021-10-08T17:58:17 CDT" time="61.514" errors="0">
  <testcase name="validateAccounttabeditlink" time="61.514" classname="Test.AccountTestTC12"/>
  <system-out/>
</testsuite> <!-- Test.AccountTestTC12 -->
