<?xml version="1.0" encoding="UTF-8"?>
<!-- Generated by org.testng.reporters.JUnitReportReporter -->
<testsuite skipped="0" hostname="DESKTOP-VA3KVAG" name="Test.ContactTestTC27" tests="1" failures="0" timestamp="2021-10-08T23:02:20 CDT" time="25.850" errors="0">
  <testcase name="ContactTC27" time="25.850" classname="Test.ContactTestTC27"/>
  <system-out/>
</testsuite> <!-- Test.ContactTestTC27 -->
