<?xml version="1.0" encoding="UTF-8"?>
<!-- Generated by org.testng.reporters.JUnitReportReporter -->
<testsuite skipped="0" hostname="DESKTOP-VA3KVAG" name="Test.AccountTestTC11" tests="1" failures="0" timestamp="2021-10-08T17:27:08 CDT" time="73.032" errors="0">
  <testcase name="validateAccountcreatenewview" time="73.032" classname="Test.AccountTestTC11"/>
  <system-out/>
</testsuite> <!-- Test.AccountTestTC11 -->
