<?xml version="1.0" encoding="UTF-8"?>
<!-- Generated by org.testng.reporters.JUnitReportReporter -->
<testsuite skipped="0" hostname="DESKTOP-VA3KVAG" name="Test.SettingsTest" tests="1" failures="0" timestamp="2021-10-09T16:17:43 CDT" time="38.598" errors="0">
  <testcase name="validateMySetting2" time="38.598" classname="Test.SettingsTest"/>
  <system-out/>
</testsuite> <!-- Test.SettingsTest -->
