<?xml version="1.0" encoding="UTF-8"?>
<!-- Generated by org.testng.reporters.JUnitReportReporter -->
<testsuite skipped="0" hostname="DESKTOP-VA3KVAG" name="Test.UnreadLeadsTestTC22" tests="2" failures="0" timestamp="2021-10-08T21:58:08 CDT" time="75.003" errors="0">
  <testcase name="unreadleads" time="39.658" classname="Test.UnreadLeadsTestTC22"/>
  <system-out/>
  <testcase name="unreadleads2" time="35.345" classname="Test.UnreadLeadsTestTC22"/>
  <system-out/>
</testsuite> <!-- Test.UnreadLeadsTestTC22 -->
