<?xml version="1.0" encoding="UTF-8"?>
<!-- Generated by org.testng.reporters.JUnitReportReporter -->
<testsuite skipped="0" hostname="DESKTOP-VA3KVAG" name="Test.LeadsDropDownTestTC21" tests="1" failures="0" timestamp="2021-10-08T21:47:58 CDT" time="23.629" errors="0">
  <testcase name="leadsdropdown" time="23.629" classname="Test.LeadsDropDownTestTC21"/>
  <system-out/>
</testsuite> <!-- Test.LeadsDropDownTestTC21 -->
