<?xml version="1.0" encoding="UTF-8"?>
<!-- Generated by org.testng.reporters.JUnitReportReporter -->
<testsuite skipped="0" hostname="DESKTOP-VA3KVAG" name="Test.OpportuinitiesTestTC17" tests="1" failures="0" timestamp="2021-10-08T21:20:54 CDT" time="28.865" errors="0">
  <testcase name="validateOpportuinitiesTC17" time="28.865" classname="Test.OpportuinitiesTestTC17"/>
  <system-out/>
</testsuite> <!-- Test.OpportuinitiesTestTC17 -->
