<?xml version="1.0" encoding="UTF-8"?>
<!-- Generated by org.testng.reporters.JUnitReportReporter -->
<testsuite skipped="0" hostname="DESKTOP-VA3KVAG" name="Home.LeadsDropDownTestTC21" tests="1" failures="0" timestamp="2021-10-07T15:52:34 CDT" time="37.727" errors="0">
  <testcase name="leadsdropdown" time="37.727" classname="Home.LeadsDropDownTestTC21"/>
  <system-out/>
</testsuite> <!-- Home.LeadsDropDownTestTC21 -->
