<?xml version="1.0" encoding="UTF-8"?>
<!-- Generated by org.testng.reporters.JUnitReportReporter -->
<testsuite skipped="0" hostname="DESKTOP-VA3KVAG" name="Home.AccountTabTestTC14" tests="1" failures="0" timestamp="2021-10-06T08:47:28 CDT" time="33.352" errors="0">
  <testcase name="validateAccounttabTC14" time="33.352" classname="Home.AccountTabTestTC14"/>
  <system-out/>
</testsuite> <!-- Home.AccountTabTestTC14 -->
