<?xml version="1.0" encoding="UTF-8"?>
<!-- Generated by org.testng.reporters.JUnitReportReporter -->
<testsuite skipped="0" hostname="DESKTOP-VA3KVAG" name="Test.AccountTabTestTC14" tests="1" failures="0" timestamp="2021-10-11T11:00:41 CDT" time="80.948" errors="0">
  <testcase name="validateAccounttabTC14" time="80.948" classname="Test.AccountTabTestTC14"/>
  <system-out/>
</testsuite> <!-- Test.AccountTabTestTC14 -->
