<?xml version="1.0" encoding="UTF-8"?>
<!-- Generated by org.testng.reporters.JUnitReportReporter -->
<testsuite skipped="0" hostname="DESKTOP-VA3KVAG" name="Home.HomeTestTC34" tests="1" failures="0" timestamp="2021-10-07T21:11:01 CDT" time="29.507" errors="0">
  <testcase name="validateHomeTC34" time="29.507" classname="Home.HomeTestTC34"/>
  <system-out/>
</testsuite> <!-- Home.HomeTestTC34 -->
