<?xml version="1.0" encoding="UTF-8"?>
<!-- Generated by org.testng.reporters.JUnitReportReporter -->
<testsuite skipped="0" hostname="DESKTOP-VA3KVAG" name="Home.ContactsTestTC25" tests="1" failures="0" timestamp="2021-10-07T17:45:13 CDT" time="49.996" errors="0">
  <testcase name="validateStuckoppTC18" time="49.996" classname="Home.ContactsTestTC25"/>
  <system-out/>
</testsuite> <!-- Home.ContactsTestTC25 -->
