<?xml version="1.0" encoding="UTF-8"?>
<!-- Generated by org.testng.reporters.JUnitReportReporter -->
<testsuite skipped="0" hostname="DESKTOP-VA3KVAG" name="Home.UnreadLeadsTestTC22" tests="2" failures="0" timestamp="2021-10-07T16:18:46 CDT" time="75.430" errors="0">
  <testcase name="unreadleads2" time="46.025" classname="Home.UnreadLeadsTestTC22"/>
  <system-out/>
  <testcase name="unreadleads" time="29.405" classname="Home.UnreadLeadsTestTC22"/>
  <system-out/>
</testsuite> <!-- Home.UnreadLeadsTestTC22 -->
