<?xml version="1.0" encoding="UTF-8"?>
<!-- Generated by org.testng.reporters.JUnitReportReporter -->
<testsuite skipped="0" hostname="DESKTOP-VA3KVAG" name="Test.ContactTestTC31" tests="1" failures="0" timestamp="2021-10-08T23:37:11 CDT" time="43.927" errors="0">
  <testcase name="validateContactTC31" time="43.927" classname="Test.ContactTestTC31"/>
  <system-out/>
</testsuite> <!-- Test.ContactTestTC31 -->
