<?xml version="1.0" encoding="UTF-8"?>
<!-- Generated by org.testng.reporters.JUnitReportReporter -->
<testsuite skipped="0" hostname="DESKTOP-VA3KVAG" name="Home.AccountTestTC11" tests="1" failures="0" timestamp="2021-10-05T18:24:09 CDT" time="30.125" errors="0">
  <testcase name="validateAccountcreatenewview" time="30.125" classname="Home.AccountTestTC11"/>
  <system-out/>
</testsuite> <!-- Home.AccountTestTC11 -->
