<?xml version="1.0" encoding="UTF-8"?>
<!-- Generated by org.testng.reporters.JUnitReportReporter -->
<testsuite skipped="0" hostname="DESKTOP-VA3KVAG" name="Home.OpportuinitiesTestTC17" tests="1" failures="0" timestamp="2021-10-07T09:41:54 CDT" time="29.998" errors="0">
  <testcase name="validateOpportuinitiesTC17" time="29.998" classname="Home.OpportuinitiesTestTC17"/>
  <system-out/>
</testsuite> <!-- Home.OpportuinitiesTestTC17 -->
