<?xml version="1.0" encoding="UTF-8"?>
<!-- Generated by org.testng.reporters.JUnitReportReporter -->
<testsuite skipped="0" hostname="DESKTOP-VA3KVAG" name="Home.ContactTestTC27" tests="1" failures="0" timestamp="2021-10-07T18:48:41 CDT" time="16.720" errors="0">
  <testcase name="validateStuckoppTC18" time="16.720" classname="Home.ContactTestTC27"/>
  <system-out/>
</testsuite> <!-- Home.ContactTestTC27 -->
