<?xml version="1.0" encoding="UTF-8"?>
<!-- Generated by org.testng.reporters.JUnitReportReporter -->
<testsuite skipped="0" hostname="DESKTOP-VA3KVAG" name="Home.HomeTestTC33" tests="1" failures="0" timestamp="2021-10-07T20:19:33 CDT" time="37.389" errors="0">
  <testcase name="validateContactTC32" time="37.389" classname="Home.HomeTestTC33"/>
  <system-out/>
</testsuite> <!-- Home.HomeTestTC33 -->
