<?xml version="1.0" encoding="UTF-8"?>
<!-- Generated by org.testng.reporters.JUnitReportReporter -->
<testsuite skipped="0" hostname="DESKTOP-VA3KVAG" name="Test.LeadsnewbtnTestTC24" tests="1" failures="0" timestamp="2021-10-08T22:15:17 CDT" time="38.924" errors="0">
  <testcase name="unreadleads" time="38.924" classname="Test.LeadsnewbtnTestTC24"/>
  <system-out/>
</testsuite> <!-- Test.LeadsnewbtnTestTC24 -->
