<?xml version="1.0" encoding="UTF-8"?>
<!-- Generated by org.testng.reporters.JUnitReportReporter -->
<testsuite skipped="0" hostname="DESKTOP-VA3KVAG" name="Home.QSTestTC19" tests="1" failures="0" timestamp="2021-10-07T09:31:26 CDT" time="24.603" errors="0">
  <testcase name="validateOpportuinitiesTC17" time="24.603" classname="Home.QSTestTC19"/>
  <system-out/>
</testsuite> <!-- Home.QSTestTC19 -->
