<?xml version="1.0" encoding="UTF-8"?>
<!-- Generated by org.testng.reporters.JUnitReportReporter -->
<testsuite skipped="0" hostname="DESKTOP-VA3KVAG" name="Test.ContactTestTC32" tests="1" failures="0" timestamp="2021-10-08T23:46:20 CDT" time="46.892" errors="0">
  <testcase name="validateContactTC32" time="46.892" classname="Test.ContactTestTC32"/>
  <system-out/>
</testsuite> <!-- Test.ContactTestTC32 -->
