<?xml version="1.0" encoding="UTF-8"?>
<!-- Generated by org.testng.reporters.JUnitReportReporter -->
<testsuite skipped="0" hostname="DESKTOP-VA3KVAG" name="Home.ContactTestTC29" tests="1" failures="0" timestamp="2021-10-07T19:10:14 CDT" time="28.395" errors="0">
  <testcase name="validateContactTC29" time="28.395" classname="Home.ContactTestTC29"/>
  <system-out/>
</testsuite> <!-- Home.ContactTestTC29 -->
