<?xml version="1.0" encoding="UTF-8"?>
<!-- Generated by org.testng.reporters.JUnitReportReporter -->
<testsuite skipped="0" hostname="DESKTOP-VA3KVAG" name="Home.LeadsnewbtnTestTC24" tests="1" failures="0" timestamp="2021-10-07T16:58:43 CDT" time="23.310" errors="0">
  <testcase name="unreadleads" time="23.310" classname="Home.LeadsnewbtnTestTC24"/>
  <system-out/>
</testsuite> <!-- Home.LeadsnewbtnTestTC24 -->
