<?xml version="1.0" encoding="UTF-8"?>
<!-- Generated by org.testng.reporters.JUnitReportReporter -->
<testsuite skipped="0" hostname="DESKTOP-VA3KVAG" name="Home.AccountTabTestTC13" tests="1" failures="0" timestamp="2021-10-06T10:03:18 CDT" time="57.256" errors="0">
  <testcase name="validateAccounttabTC13" time="57.256" classname="Home.AccountTabTestTC13"/>
  <system-out/>
</testsuite> <!-- Home.AccountTabTestTC13 -->
