<?xml version="1.0" encoding="UTF-8"?>
<!-- Generated by org.testng.reporters.JUnitReportReporter -->
<testsuite skipped="0" hostname="DESKTOP-VA3KVAG" name="Test.ContactTestTC30" tests="1" failures="0" timestamp="2021-10-08T23:30:49 CDT" time="40.454" errors="0">
  <testcase name="validateContactTC30" time="40.454" classname="Test.ContactTestTC30"/>
  <system-out/>
</testsuite> <!-- Test.ContactTestTC30 -->
