<?xml version="1.0" encoding="UTF-8"?>
<!-- Generated by org.testng.reporters.JUnitReportReporter -->
<testsuite skipped="0" hostname="DESKTOP-VA3KVAG" name="Home.ContactTestTC28" tests="1" failures="0" timestamp="2021-10-07T18:59:10 CDT" time="25.009" errors="0">
  <testcase name="validateStuckoppTC18" time="25.009" classname="Home.ContactTestTC28"/>
  <system-out/>
</testsuite> <!-- Home.ContactTestTC28 -->
