<?xml version="1.0" encoding="UTF-8"?>
<!-- Generated by org.testng.reporters.JUnitReportReporter -->
<testsuite skipped="0" hostname="DESKTOP-VA3KVAG" name="Test.ContactTestTC28" tests="1" failures="0" timestamp="2021-10-08T23:19:33 CDT" time="38.964" errors="0">
  <testcase name="ContactTC28" time="38.964" classname="Test.ContactTestTC28"/>
  <system-out/>
</testsuite> <!-- Test.ContactTestTC28 -->
