<?xml version="1.0" encoding="UTF-8"?>
<!-- Generated by org.testng.reporters.JUnitReportReporter -->
<testsuite skipped="0" hostname="DESKTOP-VA3KVAG" name="Test.AccountTest" tests="1" failures="0" timestamp="2021-10-11T10:52:23 CDT" time="94.487" errors="0">
  <testcase name="validateAccount" time="94.487" classname="Test.AccountTest"/>
  <system-out/>
</testsuite> <!-- Test.AccountTest -->
