<?xml version="1.0" encoding="UTF-8"?>
<!-- Generated by org.testng.reporters.JUnitReportReporter -->
<testsuite skipped="0" hostname="DESKTOP-VA3KVAG" name="Test.UsermanuTestTC5" tests="1" failures="0" timestamp="2021-10-08T15:46:37 CDT" time="19.768" errors="0">
  <testcase name="UsermanuTC5" time="19.768" classname="Test.UsermanuTestTC5"/>
  <system-out/>
</testsuite> <!-- Test.UsermanuTestTC5 -->
