<?xml version="1.0" encoding="UTF-8"?>
<!-- Generated by org.testng.reporters.JUnitReportReporter -->
<testsuite skipped="0" hostname="DESKTOP-VA3KVAG" name="Home.HomeTestTC36" tests="1" failures="0" timestamp="2021-10-08T08:58:28 CDT" time="40.799" errors="0">
  <testcase name="validateHomeTC34" time="40.799" classname="Home.HomeTestTC36"/>
  <system-out/>
</testsuite> <!-- Home.HomeTestTC36 -->
