<?xml version="1.0" encoding="UTF-8"?>
<!-- Generated by org.testng.reporters.JUnitReportReporter -->
<testsuite skipped="0" hostname="DESKTOP-VA3KVAG" name="Home.ContactTestTC30" tests="1" failures="0" timestamp="2021-10-07T19:26:03 CDT" time="31.846" errors="0">
  <testcase name="validateContactTC30" time="31.846" classname="Home.ContactTestTC30"/>
  <system-out/>
</testsuite> <!-- Home.ContactTestTC30 -->
