<?xml version="1.0" encoding="UTF-8"?>
<!-- Generated by org.testng.reporters.JUnitReportReporter -->
<testsuite skipped="0" hostname="DESKTOP-VA3KVAG" name="Home.LeadsTabTestTC20" tests="1" failures="0" timestamp="2021-10-07T11:39:06 CDT" time="23.467" errors="0">
  <testcase name="LeadsTabtc20" time="23.467" classname="Home.LeadsTabTestTC20"/>
  <system-out/>
</testsuite> <!-- Home.LeadsTabTestTC20 -->
