<?xml version="1.0" encoding="UTF-8"?>
<!-- Generated by org.testng.reporters.JUnitReportReporter -->
<testsuite skipped="0" hostname="DESKTOP-VA3KVAG" name="Test.ContactTasteTC26" tests="1" failures="0" timestamp="2021-10-08T22:57:54 CDT" time="49.458" errors="0">
  <testcase name="validateStuckoppTC18" time="49.458" classname="Test.ContactTasteTC26"/>
  <system-out/>
</testsuite> <!-- Test.ContactTasteTC26 -->
