<?xml version="1.0" encoding="UTF-8"?>
<!-- Generated by org.testng.reporters.JUnitReportReporter -->
<testsuite skipped="0" hostname="DESKTOP-VA3KVAG" name="Home.AccountTestTC12" tests="1" failures="0" timestamp="2021-10-05T19:44:01 CDT" time="32.578" errors="0">
  <testcase name="validateAccounttabeditlink" time="32.578" classname="Home.AccountTestTC12"/>
  <system-out/>
</testsuite> <!-- Home.AccountTestTC12 -->
