<?xml version="1.0" encoding="UTF-8"?>
<!-- Generated by org.testng.reporters.JUnitReportReporter -->
<testsuite skipped="0" hostname="DESKTOP-VA3KVAG" name="Test.TodysleadTestTC23" tests="1" failures="0" timestamp="2021-10-08T22:01:59 CDT" time="31.649" errors="0">
  <testcase name="unreadleads" time="31.649" classname="Test.TodysleadTestTC23"/>
  <system-out/>
</testsuite> <!-- Test.TodysleadTestTC23 -->
