<?xml version="1.0" encoding="UTF-8"?>
<!-- Generated by org.testng.reporters.JUnitReportReporter -->
<testsuite skipped="0" hostname="DESKTOP-VA3KVAG" name="Test.OpportunitiesTestTC15" tests="1" failures="0" timestamp="2021-10-08T20:25:14 CDT" time="28.173" errors="0">
  <testcase name="validateAccounttabTC14" time="28.173" classname="Test.OpportunitiesTestTC15"/>
  <system-out/>
</testsuite> <!-- Test.OpportunitiesTestTC15 -->
