<?xml version="1.0" encoding="UTF-8"?>
<!-- Generated by org.testng.reporters.JUnitReportReporter -->
<testsuite skipped="0" hostname="DESKTOP-VA3KVAG" name="Test.ContactTestTC29" tests="1" failures="0" timestamp="2021-10-08T23:24:15 CDT" time="46.653" errors="0">
  <testcase name="validateContactTC29" time="46.653" classname="Test.ContactTestTC29"/>
  <system-out/>
</testsuite> <!-- Test.ContactTestTC29 -->
