<?xml version="1.0" encoding="UTF-8"?>
<!-- Generated by org.testng.reporters.JUnitReportReporter -->
<testsuite skipped="0" hostname="DESKTOP-VA3KVAG" name="Test.LoginTest" tests="1" failures="0" timestamp="2021-10-09T17:48:45 CDT" time="17.796" errors="0">
  <testcase name="Forgot_Password_4_A" time="17.796" classname="Test.LoginTest"/>
  <system-out/>
</testsuite> <!-- Test.LoginTest -->
